<?xml version="1.0" encoding="UTF-8"?>
<testng-results skipped="0" failed="0" ignored="0" total="3" passed="3">
  <reporter-output>
  </reporter-output>
  <suite name="Default suite" duration-ms="5849" started-at="2021-12-01T12:21:52 IST" finished-at="2021-12-01T12:21:58 IST">
    <groups>
    </groups>
    <test name="Default test" duration-ms="5849" started-at="2021-12-01T12:21:52 IST" finished-at="2021-12-01T12:21:58 IST">
      <class name="APITest.Demo">
        <test-method status="PASS" signature="createboard()[pri:0, instance:APITest.Demo@1d8db5a]" name="createboard" duration-ms="4189" started-at="2021-12-01T12:21:52 IST" finished-at="2021-12-01T12:21:56 IST">
          <reporter-output>
          </reporter-output>
        </test-method> <!-- createboard -->
        <test-method status="PASS" signature="getboard()[pri:1, instance:APITest.Demo@1d8db5a]" name="getboard" duration-ms="694" started-at="2021-12-01T12:21:56 IST" finished-at="2021-12-01T12:21:57 IST">
          <reporter-output>
          </reporter-output>
        </test-method> <!-- getboard -->
        <test-method status="PASS" signature="deleteboard()[pri:2, instance:APITest.Demo@1d8db5a]" name="deleteboard" duration-ms="890" started-at="2021-12-01T12:21:57 IST" finished-at="2021-12-01T12:21:58 IST">
          <reporter-output>
          </reporter-output>
        </test-method> <!-- deleteboard -->
      </class> <!-- APITest.Demo -->
    </test> <!-- Default test -->
  </suite> <!-- Default suite -->
</testng-results>
